\BOOKMARK [1][-]{section.1}{Introduction}{}% 1
\BOOKMARK [2][-]{subsection.1.1}{Vision}{section.1}% 2
\BOOKMARK [2][-]{subsection.1.2}{Application scope}{section.1}% 3
\BOOKMARK [1][-]{section.2}{Specification}{}% 4
\BOOKMARK [2][-]{subsection.2.1}{Use cases}{section.2}% 5
\BOOKMARK [2][-]{subsection.2.2}{Functional requirements}{section.2}% 6
\BOOKMARK [2][-]{subsection.2.3}{Non-functional requirements}{section.2}% 7
\BOOKMARK [2][-]{subsection.2.4}{Target audience}{section.2}% 8
\BOOKMARK [1][-]{section.3}{Analysis}{}% 9
\BOOKMARK [2][-]{subsection.3.1}{Architecture}{section.3}% 10
\BOOKMARK [2][-]{subsection.3.2}{Data model}{section.3}% 11
\BOOKMARK [2][-]{subsection.3.3}{Data storage}{section.3}% 12
\BOOKMARK [2][-]{subsection.3.4}{Webservice}{section.3}% 13
\BOOKMARK [2][-]{subsection.3.5}{GUI Technology}{section.3}% 14
\BOOKMARK [3][-]{subsubsection.3.5.1}{Silverlight}{subsection.3.5}% 15
\BOOKMARK [3][-]{subsubsection.3.5.2}{HTML5}{subsection.3.5}% 16
\BOOKMARK [3][-]{subsubsection.3.5.3}{ASP.NET}{subsection.3.5}% 17
\BOOKMARK [3][-]{subsubsection.3.5.4}{Microsoft MVC}{subsection.3.5}% 18
\BOOKMARK [3][-]{subsubsection.3.5.5}{Our choice}{subsection.3.5}% 19
\BOOKMARK [2][-]{subsection.3.6}{Track selection}{section.3}% 20
\BOOKMARK [1][-]{section.4}{Implementation}{}% 21
\BOOKMARK [2][-]{subsection.4.1}{Major components}{section.4}% 22
\BOOKMARK [3][-]{subsubsection.4.1.1}{Class diagram}{subsection.4.1}% 23
\BOOKMARK [3][-]{subsubsection.4.1.2}{TrackPrioritizer}{subsection.4.1}% 24
\BOOKMARK [2][-]{subsection.4.2}{Third-party streaming components}{section.4}% 25
\BOOKMARK [3][-]{subsubsection.4.2.1}{IceCast}{subsection.4.2}% 26
\BOOKMARK [3][-]{subsubsection.4.2.2}{EzStream}{subsection.4.2}% 27
\BOOKMARK [1][-]{section.5}{Testing}{}% 28
\BOOKMARK [2][-]{subsection.5.1}{Testing strategy}{section.5}% 29
\BOOKMARK [2][-]{subsection.5.2}{Testing of specific requirements}{section.5}% 30
\BOOKMARK [2][-]{subsection.5.3}{Testing conclusion}{section.5}% 31
\BOOKMARK [1][-]{section.6}{Collaboration with SMU}{}% 32
\BOOKMARK [2][-]{subsection.6.1}{Interaction with the ITU system}{section.6}% 33
\BOOKMARK [2][-]{subsection.6.2}{SMU webservice api}{section.6}% 34
\BOOKMARK [2][-]{subsection.6.3}{Collaboration Considerations}{section.6}% 35
\BOOKMARK [3][-]{subsubsection.6.3.1}{Fault lines}{subsection.6.3}% 36
\BOOKMARK [3][-]{subsubsection.6.3.2}{Solutions}{subsection.6.3}% 37
\BOOKMARK [3][-]{subsubsection.6.3.3}{Conclusion of the SMU collaboration}{subsection.6.3}% 38
\BOOKMARK [1][-]{appendix.A}{Diagrams}{}% 39
\BOOKMARK [1][-]{appendix.B}{Glossary}{}% 40
